<?xml version="1.0" encoding="UTF-8"?>
<!-- Generated by org.testng.reporters.JUnitXMLReporter -->
<testsuite hostname="user" ignored="0" name="Test" tests="1" failures="1" timestamp="20 Oct 2019 09:03:33 GMT" time="0.088" errors="0">
  <testcase name="test" time="0.027" classname="com.test">
    <failure type="java.lang.AssertionError" message="Printing number 0">
      <![CDATA[java.lang.AssertionError: Printing number 0
at com.test.test(test.java:10)
... Removed 26 stack frames]]>
    </failure>
  </testcase> <!-- test -->
</testsuite> <!-- Test -->
