<?xml version="1.0" encoding="UTF-8"?>
<testng-results skipped="0" failed="0" ignored="0" total="1" passed="1">
  <reporter-output>
  </reporter-output>
  <suite name="Default suite" duration-ms="50" started-at="2019-10-20T08:23:38Z" finished-at="2019-10-20T08:23:38Z">
    <groups>
    </groups>
    <test name="Default test" duration-ms="50" started-at="2019-10-20T08:23:38Z" finished-at="2019-10-20T08:23:38Z">
      <class name="com.files.HelloWorld">
        <test-method status="PASS" signature="main()[pri:0, instance:com.files.HelloWorld@13f2bb1]" name="main" duration-ms="15" started-at="2019-10-20T08:23:38Z" finished-at="2019-10-20T08:23:38Z">
          <reporter-output>
          </reporter-output>
        </test-method> <!-- main -->
      </class> <!-- com.files.HelloWorld -->
    </test> <!-- Default test -->
  </suite> <!-- Default suite -->
</testng-results>
